开始爬取:http://zhizhizhi.com/page/1/
http://zhizhizhi.com/p/869316/
http://zhizhizhi.com/p/869317/
http://zhizhizhi.com/p/869315/
http://zhizhizhi.com/p/771499/
http://zhizhizhi.com/p/869300/
http://zhizhizhi.com/p/869299/
http://zhizhizhi.com/p/869297/
http://zhizhizhi.com/p/869296/
http://zhizhizhi.com/p/869295/
http://zhizhizhi.com/p/869294/
http://zhizhizhi.com/p/869290/
http://zhizhizhi.com/p/869272/
http://zhizhizhi.com/p/869271/
http://zhizhizhi.com/p/869270/
http://zhizhizhi.com/p/869269/
http://zhizhizhi.com/p/869268/
http://zhizhizhi.com/p/869267/
http://zhizhizhi.com/p/869247/
http://zhizhizhi.com/p/869246/
http://zhizhizhi.com/p/869243/
http://zhizhizhi.com/p/869244/
http://zhizhizhi.com/p/869242/
http://zhizhizhi.com/p/869245/
http://zhizhizhi.com/p/869241/
http://zhizhizhi.com/p/869238/
http://zhizhizhi.com/p/869235/
http://zhizhizhi.com/p/869220/
http://zhizhizhi.com/p/869219/
http://zhizhizhi.com/p/869218/
http://zhizhizhi.com/p/869216/
http://zhizhizhi.com/p/869217/
http://zhizhizhi.com/p/869215/
http://zhizhizhi.com/p/869211/
http://zhizhizhi.com/p/869189/
http://zhizhizhi.com/p/778238/
http://zhizhizhi.com/p/869188/
http://zhizhizhi.com/p/869187/
http://zhizhizhi.com/p/869186/
http://zhizhizhi.com/p/869184/
等待下一次爬取，休息10分钟
开始爬取:http://zhizhizhi.com/page/1/
等待下一次爬取，休息10分钟
开始爬取:http://zhizhizhi.com/page/1/
等待下一次爬取，休息10分钟
开始爬取:http://zhizhizhi.com/page/1/
等待下一次爬取，休息10分钟
开始爬取:http://zhizhizhi.com/page/1/
等待下一次爬取，休息10分钟
开始爬取:http://zhizhizhi.com/page/1/
http://zhizhizhi.com/p/869340/
http://zhizhizhi.com/p/869339/
http://zhizhizhi.com/p/869338/
http://zhizhizhi.com/p/869337/
http://zhizhizhi.com/p/869336/
http://zhizhizhi.com/p/869335/
http://zhizhizhi.com/p/869319/
http://zhizhizhi.com/p/869318/
等待下一次爬取，休息10分钟
开始爬取:http://zhizhizhi.com/page/1/
等待下一次爬取，休息10分钟
开始爬取:http://zhizhizhi.com/page/1/
等待下一次爬取，休息10分钟
开始爬取:http://zhizhizhi.com/page/1/
等待下一次爬取，休息10分钟
开始爬取:http://zhizhizhi.com/page/1/
等待下一次爬取，休息10分钟
开始爬取:http://zhizhizhi.com/page/1/
等待下一次爬取，休息10分钟
开始爬取:http://zhizhizhi.com/page/1/
等待下一次爬取，休息10分钟
开始爬取:http://zhizhizhi.com/page/1/
等待下一次爬取，休息10分钟
开始爬取:http://zhizhizhi.com/page/1/
http://zhizhizhi.com/p/869358/
http://zhizhizhi.com/p/869357/
http://zhizhizhi.com/p/869356/
http://zhizhizhi.com/p/869355/
http://zhizhizhi.com/p/869361/
等待下一次爬取，休息10分钟
开始爬取:http://zhizhizhi.com/page/1/
等待下一次爬取，休息10分钟
开始爬取:http://zhizhizhi.com/page/1/
等待下一次爬取，休息10分钟
开始爬取:http://zhizhizhi.com/page/1/
等待下一次爬取，休息10分钟
开始爬取:http://zhizhizhi.com/page/1/
等待下一次爬取，休息10分钟
开始爬取:http://zhizhizhi.com/page/1/
等待下一次爬取，休息10分钟
开始爬取:http://zhizhizhi.com/page/1/
等待下一次爬取，休息10分钟
开始爬取:http://zhizhizhi.com/page/1/
等待下一次爬取，休息10分钟
开始爬取:http://zhizhizhi.com/page/1/
http://zhizhizhi.com/p/869360/
http://zhizhizhi.com/p/869359/
等待下一次爬取，休息10分钟
开始爬取:http://zhizhizhi.com/page/1/
等待下一次爬取，休息10分钟
开始爬取:http://zhizhizhi.com/page/1/
等待下一次爬取，休息10分钟
开始爬取:http://zhizhizhi.com/page/1/
等待下一次爬取，休息10分钟
开始爬取:http://zhizhizhi.com/page/1/
等待下一次爬取，休息10分钟
开始爬取:http://zhizhizhi.com/page/1/
等待下一次爬取，休息10分钟
开始爬取:http://zhizhizhi.com/page/1/
http://zhizhizhi.com/p/869385/
http://zhizhizhi.com/p/869384/
http://zhizhizhi.com/p/869383/
http://zhizhizhi.com/p/869381/
http://zhizhizhi.com/p/869382/
http://zhizhizhi.com/p/869380/
等待下一次爬取，休息10分钟
开始爬取:http://zhizhizhi.com/page/1/
等待下一次爬取，休息10分钟
开始爬取:http://zhizhizhi.com/page/1/
等待下一次爬取，休息10分钟
开始爬取:http://zhizhizhi.com/page/1/
等待下一次爬取，休息10分钟
开始爬取:http://zhizhizhi.com/page/1/
等待下一次爬取，休息10分钟
开始爬取:http://zhizhizhi.com/page/1/
等待下一次爬取，休息10分钟
开始爬取:http://zhizhizhi.com/page/1/
等待下一次爬取，休息10分钟
开始爬取:http://zhizhizhi.com/page/1/
等待下一次爬取，休息10分钟
开始爬取:http://zhizhizhi.com/page/1/
http://zhizhizhi.com/p/869425/
http://zhizhizhi.com/p/869424/
http://zhizhizhi.com/p/869410/
http://zhizhizhi.com/p/869409/
http://zhizhizhi.com/p/869408/
http://zhizhizhi.com/p/869407/
http://zhizhizhi.com/p/869405/
http://zhizhizhi.com/p/869406/
http://zhizhizhi.com/p/869404/
等待下一次爬取，休息10分钟
开始爬取:http://zhizhizhi.com/page/1/
等待下一次爬取，休息10分钟
开始爬取:http://zhizhizhi.com/page/1/
等待下一次爬取，休息10分钟
开始爬取:http://zhizhizhi.com/page/1/
等待下一次爬取，休息10分钟
开始爬取:http://zhizhizhi.com/page/1/
等待下一次爬取，休息10分钟
开始爬取:http://zhizhizhi.com/page/1/
等待下一次爬取，休息10分钟
开始爬取:http://zhizhizhi.com/page/1/
http://zhizhizhi.com/p/869451/
http://zhizhizhi.com/p/869447/
http://zhizhizhi.com/p/869430/
http://zhizhizhi.com/p/869429/
http://zhizhizhi.com/p/869428/
http://zhizhizhi.com/p/869427/
http://zhizhizhi.com/p/869426/
等待下一次爬取，休息10分钟
开始爬取:http://zhizhizhi.com/page/1/
等待下一次爬取，休息10分钟
开始爬取:http://zhizhizhi.com/page/1/
等待下一次爬取，休息10分钟
开始爬取:http://zhizhizhi.com/page/1/
等待下一次爬取，休息10分钟
开始爬取:http://zhizhizhi.com/page/1/
等待下一次爬取，休息10分钟
开始爬取:http://zhizhizhi.com/page/1/
等待下一次爬取，休息10分钟
开始爬取:http://zhizhizhi.com/page/1/
http://zhizhizhi.com/p/869457/
http://zhizhizhi.com/p/869456/
http://zhizhizhi.com/p/869455/
http://zhizhizhi.com/p/869454/
http://zhizhizhi.com/p/869453/
http://zhizhizhi.com/p/869452/
等待下一次爬取，休息10分钟
开始爬取:http://zhizhizhi.com/page/1/
等待下一次爬取，休息10分钟
开始爬取:http://zhizhizhi.com/page/1/
等待下一次爬取，休息10分钟
开始爬取:http://zhizhizhi.com/page/1/
等待下一次爬取，休息10分钟
开始爬取:http://zhizhizhi.com/page/1/
等待下一次爬取，休息10分钟
开始爬取:http://zhizhizhi.com/page/1/
等待下一次爬取，休息10分钟
开始爬取:http://zhizhizhi.com/page/1/
http://zhizhizhi.com/p/869475/
http://zhizhizhi.com/p/869474/
http://zhizhizhi.com/p/869473/
http://zhizhizhi.com/p/869472/
等待下一次爬取，休息10分钟
开始爬取:http://zhizhizhi.com/page/1/
等待下一次爬取，休息10分钟
开始爬取:http://zhizhizhi.com/page/1/
等待下一次爬取，休息10分钟
开始爬取:http://zhizhizhi.com/page/1/
等待下一次爬取，休息10分钟
开始爬取:http://zhizhizhi.com/page/1/
等待下一次爬取，休息10分钟
开始爬取:http://zhizhizhi.com/page/1/
等待下一次爬取，休息10分钟
开始爬取:http://zhizhizhi.com/page/1/
http://zhizhizhi.com/p/869496/
http://zhizhizhi.com/p/869479/
http://zhizhizhi.com/p/869478/
http://zhizhizhi.com/p/869477/
http://zhizhizhi.com/p/869476/
等待下一次爬取，休息10分钟
开始爬取:http://zhizhizhi.com/page/1/
等待下一次爬取，休息10分钟
开始爬取:http://zhizhizhi.com/page/1/
等待下一次爬取，休息10分钟
开始爬取:http://zhizhizhi.com/page/1/
等待下一次爬取，休息10分钟
开始爬取:http://zhizhizhi.com/page/1/
等待下一次爬取，休息10分钟
开始爬取:http://zhizhizhi.com/page/1/
等待下一次爬取，休息10分钟
开始爬取:http://zhizhizhi.com/page/1/
http://zhizhizhi.com/p/869549/
http://zhizhizhi.com/p/869548/
http://zhizhizhi.com/p/869547/
http://zhizhizhi.com/p/869546/
http://zhizhizhi.com/p/869545/
http://zhizhizhi.com/p/869544/
http://zhizhizhi.com/p/869526/
http://zhizhizhi.com/p/869525/
http://zhizhizhi.com/p/869521/
http://zhizhizhi.com/p/869522/
http://zhizhizhi.com/p/869524/
http://zhizhizhi.com/p/869527/
http://zhizhizhi.com/p/869523/
http://zhizhizhi.com/p/869502/
http://zhizhizhi.com/p/869501/
http://zhizhizhi.com/p/869500/
http://zhizhizhi.com/p/869499/
http://zhizhizhi.com/p/869498/
http://zhizhizhi.com/p/869497/
等待下一次爬取，休息10分钟
开始爬取:http://zhizhizhi.com/page/1/
等待下一次爬取，休息10分钟
开始爬取:http://zhizhizhi.com/page/1/
等待下一次爬取，休息10分钟
开始爬取:http://zhizhizhi.com/page/1/
http://zhizhizhi.com/p/869645/
http://zhizhizhi.com/p/869644/
http://zhizhizhi.com/p/869643/
http://zhizhizhi.com/p/869642/
http://zhizhizhi.com/p/869641/
http://zhizhizhi.com/p/869648/
http://zhizhizhi.com/p/869619/
http://zhizhizhi.com/p/869620/
http://zhizhizhi.com/p/869618/
http://zhizhizhi.com/p/869616/
http://zhizhizhi.com/p/869622/
http://zhizhizhi.com/p/869623/
http://zhizhizhi.com/p/869621/
http://zhizhizhi.com/p/869615/
http://zhizhizhi.com/p/869598/
http://zhizhizhi.com/p/869596/
http://zhizhizhi.com/p/869595/
http://zhizhizhi.com/p/869597/
http://zhizhizhi.com/p/869593/
http://zhizhizhi.com/p/869592/
http://zhizhizhi.com/p/869594/
http://zhizhizhi.com/p/869570/
http://zhizhizhi.com/p/869569/
http://zhizhizhi.com/p/869572/
http://zhizhizhi.com/p/869568/
http://zhizhizhi.com/p/869567/
http://zhizhizhi.com/p/869566/
http://zhizhizhi.com/p/869565/
等待下一次爬取，休息10分钟
开始爬取:http://zhizhizhi.com/page/1/
等待下一次爬取，休息10分钟
开始爬取:http://zhizhizhi.com/page/1/
等待下一次爬取，休息10分钟
开始爬取:http://zhizhizhi.com/page/1/
等待下一次爬取，休息10分钟
开始爬取:http://zhizhizhi.com/page/1/
等待下一次爬取，休息10分钟
开始爬取:http://zhizhizhi.com/page/1/
http://zhizhizhi.com/p/869675/
http://zhizhizhi.com/p/869681/
http://zhizhizhi.com/p/869679/
http://zhizhizhi.com/p/869677/
http://zhizhizhi.com/p/869672/
http://zhizhizhi.com/p/869668/
http://zhizhizhi.com/p/869647/
http://zhizhizhi.com/p/869646/
等待下一次爬取，休息10分钟
开始爬取:http://zhizhizhi.com/page/1/
等待下一次爬取，休息10分钟
开始爬取:http://zhizhizhi.com/page/1/
等待下一次爬取，休息10分钟
开始爬取:http://zhizhizhi.com/page/1/
等待下一次爬取，休息10分钟
开始爬取:http://zhizhizhi.com/page/1/
等待下一次爬取，休息10分钟
开始爬取:http://zhizhizhi.com/page/1/
等待下一次爬取，休息10分钟
开始爬取:http://zhizhizhi.com/page/1/
等待下一次爬取，休息10分钟
开始爬取:http://zhizhizhi.com/page/1/
等待下一次爬取，休息10分钟
开始爬取:http://zhizhizhi.com/page/1/
http://zhizhizhi.com/p/869703/
http://zhizhizhi.com/p/869702/
http://zhizhizhi.com/p/869701/
http://zhizhizhi.com/p/869700/
http://zhizhizhi.com/p/869674/
http://zhizhizhi.com/p/869678/
Traceback (most recent call last):
  File "zhizhizhi_spider.py", line 117, in <module>
    begin_goods_main_url = zhizhizhi.get_goods_info(url)
  File "zhizhizhi_spider.py", line 103, in get_goods_info
    self.get_goods_detail(goods_main_url, goods_id)
  File "zhizhizhi_spider.py", line 47, in get_goods_detail
    title = content_div.find("span", "otitle").string.encode('utf8').strip()
AttributeError: 'NoneType' object has no attribute 'string'
